This is pdfTeX, Version 3.14159265-2.6-1.40.17 (TeX Live 2016) (preloaded format=pdflatex 2016.10.21)  18 JUN 2018 10:05
entering extended mode
 restricted \write18 enabled.
 file:line:error style messages enabled.
 %&-line parsing enabled.
**BSUCambridge.tex
(./BSUCambridge.tex
LaTeX2e <2016/03/31>
Babel <3.9r> and hyphenation patterns for 83 language(s) loaded.
(/usr/local/texlive/2016/texmf-dist/tex/latex/beamer/beamer.cls
(/usr/local/texlive/2016/texmf-dist/tex/latex/beamer/beamerbasercs.sty
Package: beamerbasercs 2015/03/08 (rcs-revision 368aa9ba9d38)
)
Document Class: beamer 2015/01/05 3.36 A class for typesetting presentations (r
cs-revision 8a39122e1f63)
(/usr/local/texlive/2016/texmf-dist/tex/latex/beamer/beamerbasemodes.sty
Package: beamerbasemodes 2013/09/03 (rcs-revision 768f2d98ca64)
\beamer@tempbox=\box26
\beamer@tempcount=\count79
\c@beamerpauses=\count80

(/usr/local/texlive/2016/texmf-dist/tex/latex/beamer/beamerbasedecode.sty
Package: beamerbasedecode 2010/05/01 (rcs-revision efa082c6111d)
\beamer@slideinframe=\count81
\beamer@minimum=\count82
)
\beamer@commentbox=\box27
\beamer@modecount=\count83
)
(/usr/local/texlive/2016/texmf-dist/tex/generic/oberdiek/ifpdf.sty
Package: ifpdf 2016/05/14 v3.1 Provides the ifpdf switch
)
\headheight=\dimen102
\headdp=\dimen103
\footheight=\dimen104
\sidebarheight=\dimen105
\beamer@tempdim=\dimen106
\beamer@finalheight=\dimen107
\beamer@animht=\dimen108
\beamer@animdp=\dimen109
\beamer@animwd=\dimen110
\beamer@leftmargin=\dimen111
\beamer@rightmargin=\dimen112
\beamer@leftsidebar=\dimen113
\beamer@rightsidebar=\dimen114
\beamer@boxsize=\dimen115
\beamer@vboxoffset=\dimen116
\beamer@descdefault=\dimen117
\beamer@descriptionwidth=\dimen118
\beamer@lastskip=\skip41
\beamer@areabox=\box28
\beamer@animcurrent=\box29
\beamer@animshowbox=\box30
\beamer@sectionbox=\box31
\beamer@logobox=\box32
\beamer@linebox=\box33
\beamer@sectioncount=\count84
\beamer@subsubsectionmax=\count85
\beamer@subsectionmax=\count86
\beamer@sectionmax=\count87
\beamer@totalheads=\count88
\beamer@headcounter=\count89
\beamer@partstartpage=\count90
\beamer@sectionstartpage=\count91
\beamer@subsectionstartpage=\count92
\beamer@animationtempa=\count93
\beamer@animationtempb=\count94
\beamer@xpos=\count95
\beamer@ypos=\count96
\beamer@showpartnumber=\count97
\beamer@currentsubsection=\count98
\beamer@coveringdepth=\count99
\beamer@sectionadjust=\count100
\beamer@tocsectionnumber=\count101

(/usr/local/texlive/2016/texmf-dist/tex/latex/beamer/beamerbaseoptions.sty
Package: beamerbaseoptions 2013/03/10 (rcs-revision 47431932db0d)

(/usr/local/texlive/2016/texmf-dist/tex/latex/graphics/keyval.sty
Package: keyval 2014/10/28 v1.15 key=value parser (DPC)
\KV@toks@=\toks14
))
\beamer@paperwidth=\skip42
\beamer@paperheight=\skip43

(/usr/local/texlive/2016/texmf-dist/tex/latex/geometry/geometry.sty
Package: geometry 2010/09/12 v5.6 Page Geometry

(/usr/local/texlive/2016/texmf-dist/tex/generic/oberdiek/ifvtex.sty
Package: ifvtex 2016/05/16 v1.6 Detect VTeX and its facilities (HO)
Package ifvtex Info: VTeX not detected.
)
(/usr/local/texlive/2016/texmf-dist/tex/generic/ifxetex/ifxetex.sty
Package: ifxetex 2010/09/12 v0.6 Provides ifxetex conditional
)
\Gm@cnth=\count102
\Gm@cntv=\count103
\c@Gm@tempcnt=\count104
\Gm@bindingoffset=\dimen119
\Gm@wd@mp=\dimen120
\Gm@odd@mp=\dimen121
\Gm@even@mp=\dimen122
\Gm@layoutwidth=\dimen123
\Gm@layoutheight=\dimen124
\Gm@layouthoffset=\dimen125
\Gm@layoutvoffset=\dimen126
\Gm@dimlist=\toks15
)

Class beamer Warning: ``slidestop'' is obsolete. Use ``t'' instead on input lin
e 348.


Class beamer Warning: ``serif'' is obsolete. Use font theme ``serif'' instead o
n input line 348.

(/usr/local/texlive/2016/texmf-dist/tex/latex/base/size10.clo
File: size10.clo 2014/09/29 v1.4h Standard LaTeX file (size option)
)
(/usr/local/texlive/2016/texmf-dist/tex/latex/pgf/basiclayer/pgfcore.sty
(/usr/local/texlive/2016/texmf-dist/tex/latex/graphics/graphicx.sty
Package: graphicx 2014/10/28 v1.0g Enhanced LaTeX Graphics (DPC,SPQR)

(/usr/local/texlive/2016/texmf-dist/tex/latex/graphics/graphics.sty
Package: graphics 2016/05/09 v1.0r Standard LaTeX Graphics (DPC,SPQR)

(/usr/local/texlive/2016/texmf-dist/tex/latex/graphics/trig.sty
Package: trig 2016/01/03 v1.10 sin cos tan (DPC)
)
(/usr/local/texlive/2016/texmf-dist/tex/latex/graphics-cfg/graphics.cfg
File: graphics.cfg 2016/01/02 v1.10 sample graphics configuration
)
Package graphics Info: Driver file: pdftex.def on input line 96.

(/usr/local/texlive/2016/texmf-dist/tex/latex/pdftex-def/pdftex.def
File: pdftex.def 2011/05/27 v0.06d Graphics/color for pdfTeX

(/usr/local/texlive/2016/texmf-dist/tex/generic/oberdiek/infwarerr.sty
Package: infwarerr 2016/05/16 v1.4 Providing info/warning/error messages (HO)
)
(/usr/local/texlive/2016/texmf-dist/tex/generic/oberdiek/ltxcmds.sty
Package: ltxcmds 2016/05/16 v1.23 LaTeX kernel commands for general use (HO)
)
\Gread@gobject=\count105
))
\Gin@req@height=\dimen127
\Gin@req@width=\dimen128
)
(/usr/local/texlive/2016/texmf-dist/tex/latex/pgf/systemlayer/pgfsys.sty
(/usr/local/texlive/2016/texmf-dist/tex/latex/pgf/utilities/pgfrcs.sty
(/usr/local/texlive/2016/texmf-dist/tex/generic/pgf/utilities/pgfutil-common.te
x
\pgfutil@everybye=\toks16
\pgfutil@tempdima=\dimen129
\pgfutil@tempdimb=\dimen130

(/usr/local/texlive/2016/texmf-dist/tex/generic/pgf/utilities/pgfutil-common-li
sts.tex))
(/usr/local/texlive/2016/texmf-dist/tex/generic/pgf/utilities/pgfutil-latex.def
\pgfutil@abb=\box34
(/usr/local/texlive/2016/texmf-dist/tex/latex/ms/everyshi.sty
Package: everyshi 2001/05/15 v3.00 EveryShipout Package (MS)
))
(/usr/local/texlive/2016/texmf-dist/tex/generic/pgf/utilities/pgfrcs.code.tex
Package: pgfrcs 2015/08/07 v3.0.1a (rcs-revision 1.31)
))
(/usr/local/texlive/2016/texmf-dist/tex/generic/pgf/systemlayer/pgfsys.code.tex
Package: pgfsys 2014/07/09 v3.0.1a (rcs-revision 1.48)
(/usr/local/texlive/2016/texmf-dist/tex/generic/pgf/utilities/pgfkeys.code.tex
\pgfkeys@pathtoks=\toks17
\pgfkeys@temptoks=\toks18

(/usr/local/texlive/2016/texmf-dist/tex/generic/pgf/utilities/pgfkeysfiltered.c
ode.tex
\pgfkeys@tmptoks=\toks19
))
\pgf@x=\dimen131
\pgf@y=\dimen132
\pgf@xa=\dimen133
\pgf@ya=\dimen134
\pgf@xb=\dimen135
\pgf@yb=\dimen136
\pgf@xc=\dimen137
\pgf@yc=\dimen138
\w@pgf@writea=\write3
\r@pgf@reada=\read1
\c@pgf@counta=\count106
\c@pgf@countb=\count107
\c@pgf@countc=\count108
\c@pgf@countd=\count109
\t@pgf@toka=\toks20
\t@pgf@tokb=\toks21
\t@pgf@tokc=\toks22

(/usr/local/texlive/2016/texmf-dist/tex/generic/pgf/systemlayer/pgf.cfg
File: pgf.cfg 2008/05/14  (rcs-revision 1.7)
)
Driver file for pgf: pgfsys-pdftex.def

(/usr/local/texlive/2016/texmf-dist/tex/generic/pgf/systemlayer/pgfsys-pdftex.d
ef
File: pgfsys-pdftex.def 2014/10/11  (rcs-revision 1.35)

(/usr/local/texlive/2016/texmf-dist/tex/generic/pgf/systemlayer/pgfsys-common-p
df.def
File: pgfsys-common-pdf.def 2013/10/10  (rcs-revision 1.13)
)))
(/usr/local/texlive/2016/texmf-dist/tex/generic/pgf/systemlayer/pgfsyssoftpath.
code.tex
File: pgfsyssoftpath.code.tex 2013/09/09  (rcs-revision 1.9)
\pgfsyssoftpath@smallbuffer@items=\count110
\pgfsyssoftpath@bigbuffer@items=\count111
)
(/usr/local/texlive/2016/texmf-dist/tex/generic/pgf/systemlayer/pgfsysprotocol.
code.tex
File: pgfsysprotocol.code.tex 2006/10/16  (rcs-revision 1.4)
)) (/usr/local/texlive/2016/texmf-dist/tex/latex/xcolor/xcolor.sty
Package: xcolor 2016/05/11 v2.12 LaTeX color extensions (UK)

(/usr/local/texlive/2016/texmf-dist/tex/latex/graphics-cfg/color.cfg
File: color.cfg 2016/01/02 v1.6 sample color configuration
)
Package xcolor Info: Driver file: pdftex.def on input line 225.
Package xcolor Info: Model `cmy' substituted by `cmy0' on input line 1348.
Package xcolor Info: Model `hsb' substituted by `rgb' on input line 1352.
Package xcolor Info: Model `RGB' extended on input line 1364.
Package xcolor Info: Model `HTML' substituted by `rgb' on input line 1366.
Package xcolor Info: Model `Hsb' substituted by `hsb' on input line 1367.
Package xcolor Info: Model `tHsb' substituted by `hsb' on input line 1368.
Package xcolor Info: Model `HSB' substituted by `hsb' on input line 1369.
Package xcolor Info: Model `Gray' substituted by `gray' on input line 1370.
Package xcolor Info: Model `wave' substituted by `hsb' on input line 1371.
)
(/usr/local/texlive/2016/texmf-dist/tex/generic/pgf/basiclayer/pgfcore.code.tex
Package: pgfcore 2010/04/11 v3.0.1a (rcs-revision 1.7)
(/usr/local/texlive/2016/texmf-dist/tex/generic/pgf/math/pgfmath.code.tex
(/usr/local/texlive/2016/texmf-dist/tex/generic/pgf/math/pgfmathcalc.code.tex
(/usr/local/texlive/2016/texmf-dist/tex/generic/pgf/math/pgfmathutil.code.tex)
(/usr/local/texlive/2016/texmf-dist/tex/generic/pgf/math/pgfmathparser.code.tex
\pgfmath@dimen=\dimen139
\pgfmath@count=\count112
\pgfmath@box=\box35
\pgfmath@toks=\toks23
\pgfmath@stack@operand=\toks24
\pgfmath@stack@operation=\toks25
)
(/usr/local/texlive/2016/texmf-dist/tex/generic/pgf/math/pgfmathfunctions.code.
tex
(/usr/local/texlive/2016/texmf-dist/tex/generic/pgf/math/pgfmathfunctions.basic
.code.tex)
(/usr/local/texlive/2016/texmf-dist/tex/generic/pgf/math/pgfmathfunctions.trigo
nometric.code.tex)
(/usr/local/texlive/2016/texmf-dist/tex/generic/pgf/math/pgfmathfunctions.rando
m.code.tex)
(/usr/local/texlive/2016/texmf-dist/tex/generic/pgf/math/pgfmathfunctions.compa
rison.code.tex)
(/usr/local/texlive/2016/texmf-dist/tex/generic/pgf/math/pgfmathfunctions.base.
code.tex)
(/usr/local/texlive/2016/texmf-dist/tex/generic/pgf/math/pgfmathfunctions.round
.code.tex)
(/usr/local/texlive/2016/texmf-dist/tex/generic/pgf/math/pgfmathfunctions.misc.
code.tex)
(/usr/local/texlive/2016/texmf-dist/tex/generic/pgf/math/pgfmathfunctions.integ
erarithmetics.code.tex)))
(/usr/local/texlive/2016/texmf-dist/tex/generic/pgf/math/pgfmathfloat.code.tex
\c@pgfmathroundto@lastzeros=\count113
))
(/usr/local/texlive/2016/texmf-dist/tex/generic/pgf/basiclayer/pgfcorepoints.co
de.tex
File: pgfcorepoints.code.tex 2013/10/07  (rcs-revision 1.27)
\pgf@picminx=\dimen140
\pgf@picmaxx=\dimen141
\pgf@picminy=\dimen142
\pgf@picmaxy=\dimen143
\pgf@pathminx=\dimen144
\pgf@pathmaxx=\dimen145
\pgf@pathminy=\dimen146
\pgf@pathmaxy=\dimen147
\pgf@xx=\dimen148
\pgf@xy=\dimen149
\pgf@yx=\dimen150
\pgf@yy=\dimen151
\pgf@zx=\dimen152
\pgf@zy=\dimen153
)
(/usr/local/texlive/2016/texmf-dist/tex/generic/pgf/basiclayer/pgfcorepathconst
ruct.code.tex
File: pgfcorepathconstruct.code.tex 2013/10/07  (rcs-revision 1.29)
\pgf@path@lastx=\dimen154
\pgf@path@lasty=\dimen155
)
(/usr/local/texlive/2016/texmf-dist/tex/generic/pgf/basiclayer/pgfcorepathusage
.code.tex
File: pgfcorepathusage.code.tex 2014/11/02  (rcs-revision 1.24)
\pgf@shorten@end@additional=\dimen156
\pgf@shorten@start@additional=\dimen157
)
(/usr/local/texlive/2016/texmf-dist/tex/generic/pgf/basiclayer/pgfcorescopes.co
de.tex
File: pgfcorescopes.code.tex 2015/05/08  (rcs-revision 1.46)
\pgfpic=\box36
\pgf@hbox=\box37
\pgf@layerbox@main=\box38
\pgf@picture@serial@count=\count114
)
(/usr/local/texlive/2016/texmf-dist/tex/generic/pgf/basiclayer/pgfcoregraphicst
ate.code.tex
File: pgfcoregraphicstate.code.tex 2014/11/02  (rcs-revision 1.12)
\pgflinewidth=\dimen158
)
(/usr/local/texlive/2016/texmf-dist/tex/generic/pgf/basiclayer/pgfcoretransform
ations.code.tex
File: pgfcoretransformations.code.tex 2015/08/07  (rcs-revision 1.20)
\pgf@pt@x=\dimen159
\pgf@pt@y=\dimen160
\pgf@pt@temp=\dimen161
)
(/usr/local/texlive/2016/texmf-dist/tex/generic/pgf/basiclayer/pgfcorequick.cod
e.tex
File: pgfcorequick.code.tex 2008/10/09  (rcs-revision 1.3)
)
(/usr/local/texlive/2016/texmf-dist/tex/generic/pgf/basiclayer/pgfcoreobjects.c
ode.tex
File: pgfcoreobjects.code.tex 2006/10/11  (rcs-revision 1.2)
)
(/usr/local/texlive/2016/texmf-dist/tex/generic/pgf/basiclayer/pgfcorepathproce
ssing.code.tex
File: pgfcorepathprocessing.code.tex 2013/09/09  (rcs-revision 1.9)
)
(/usr/local/texlive/2016/texmf-dist/tex/generic/pgf/basiclayer/pgfcorearrows.co
de.tex
File: pgfcorearrows.code.tex 2015/05/14  (rcs-revision 1.43)
\pgfarrowsep=\dimen162
)
(/usr/local/texlive/2016/texmf-dist/tex/generic/pgf/basiclayer/pgfcoreshade.cod
e.tex
File: pgfcoreshade.code.tex 2013/07/15  (rcs-revision 1.15)
\pgf@max=\dimen163
\pgf@sys@shading@range@num=\count115
)
(/usr/local/texlive/2016/texmf-dist/tex/generic/pgf/basiclayer/pgfcoreimage.cod
e.tex
File: pgfcoreimage.code.tex 2013/07/15  (rcs-revision 1.18)

(/usr/local/texlive/2016/texmf-dist/tex/generic/pgf/basiclayer/pgfcoreexternal.
code.tex
File: pgfcoreexternal.code.tex 2014/07/09  (rcs-revision 1.21)
\pgfexternal@startupbox=\box39
))
(/usr/local/texlive/2016/texmf-dist/tex/generic/pgf/basiclayer/pgfcorelayers.co
de.tex
File: pgfcorelayers.code.tex 2013/07/18  (rcs-revision 1.7)
)
(/usr/local/texlive/2016/texmf-dist/tex/generic/pgf/basiclayer/pgfcoretranspare
ncy.code.tex
File: pgfcoretransparency.code.tex 2013/09/30  (rcs-revision 1.5)
)
(/usr/local/texlive/2016/texmf-dist/tex/generic/pgf/basiclayer/pgfcorepatterns.
code.tex
File: pgfcorepatterns.code.tex 2013/11/07  (rcs-revision 1.5)
)))
(/usr/local/texlive/2016/texmf-dist/tex/latex/pgf/utilities/xxcolor.sty
Package: xxcolor 2003/10/24 ver 0.1
\XC@nummixins=\count116
\XC@countmixins=\count117
)
(/usr/local/texlive/2016/texmf-dist/tex/generic/oberdiek/atbegshi.sty
Package: atbegshi 2016/05/16 v1.17 At begin shipout hook (HO)
)
(/usr/local/texlive/2016/texmf-dist/tex/latex/hyperref/hyperref.sty
Package: hyperref 2016/05/05 v6.83n Hypertext links for LaTeX

(/usr/local/texlive/2016/texmf-dist/tex/generic/oberdiek/hobsub-hyperref.sty
Package: hobsub-hyperref 2016/05/16 v1.14 Bundle oberdiek, subset hyperref (HO)


(/usr/local/texlive/2016/texmf-dist/tex/generic/oberdiek/hobsub-generic.sty
Package: hobsub-generic 2016/05/16 v1.14 Bundle oberdiek, subset generic (HO)
Package: hobsub 2016/05/16 v1.14 Construct package bundles (HO)
Package hobsub Info: Skipping package `infwarerr' (already loaded).
Package hobsub Info: Skipping package `ltxcmds' (already loaded).
Package: ifluatex 2016/05/16 v1.4 Provides the ifluatex switch (HO)
Package ifluatex Info: LuaTeX not detected.
Package hobsub Info: Skipping package `ifvtex' (already loaded).
Package: intcalc 2016/05/16 v1.2 Expandable calculations with integers (HO)
Package hobsub Info: Skipping package `ifpdf' (already loaded).
Package: etexcmds 2016/05/16 v1.6 Avoid name clashes with e-TeX commands (HO)
Package etexcmds Info: Could not find \expanded.
(etexcmds)             That can mean that you are not using pdfTeX 1.50 or
(etexcmds)             that some package has redefined \expanded.
(etexcmds)             In the latter case, load this package earlier.
Package: kvsetkeys 2016/05/16 v1.17 Key value parser (HO)
Package: kvdefinekeys 2016/05/16 v1.4 Define keys (HO)
Package: pdftexcmds 2016/05/10 v0.21 Utility functions of pdfTeX for LuaTeX (HO
)
Package pdftexcmds Info: LuaTeX not detected.
Package pdftexcmds Info: \pdf@primitive is available.
Package pdftexcmds Info: \pdf@ifprimitive is available.
Package pdftexcmds Info: \pdfdraftmode found.
Package: pdfescape 2016/05/16 v1.14 Implements pdfTeX's escape features (HO)
Package: bigintcalc 2016/05/16 v1.4 Expandable calculations on big integers (HO
)
Package: bitset 2016/05/16 v1.2 Handle bit-vector datatype (HO)
Package: uniquecounter 2016/05/16 v1.3 Provide unlimited unique counter (HO)
)
Package hobsub Info: Skipping package `hobsub' (already loaded).
Package: letltxmacro 2016/05/16 v1.5 Let assignment for LaTeX macros (HO)
Package: hopatch 2016/05/16 v1.3 Wrapper for package hooks (HO)
Package: xcolor-patch 2016/05/16 xcolor patch
Package: atveryend 2016/05/16 v1.9 Hooks at the very end of document (HO)
Package atveryend Info: \enddocument detected (standard20110627).
Package hobsub Info: Skipping package `atbegshi' (already loaded).
Package: refcount 2016/05/16 v3.5 Data extraction from label references (HO)
Package: hycolor 2016/05/16 v1.8 Color options for hyperref/bookmark (HO)
)
(/usr/local/texlive/2016/texmf-dist/tex/latex/oberdiek/auxhook.sty
Package: auxhook 2016/05/16 v1.4 Hooks for auxiliary files (HO)
)
(/usr/local/texlive/2016/texmf-dist/tex/latex/oberdiek/kvoptions.sty
Package: kvoptions 2016/05/16 v3.12 Key value format for package options (HO)
)
\@linkdim=\dimen164
\Hy@linkcounter=\count118
\Hy@pagecounter=\count119

(/usr/local/texlive/2016/texmf-dist/tex/latex/hyperref/pd1enc.def
File: pd1enc.def 2016/05/05 v6.83n Hyperref: PDFDocEncoding definition (HO)
)
\Hy@SavedSpaceFactor=\count120

(/usr/local/texlive/2016/texmf-dist/tex/latex/latexconfig/hyperref.cfg
File: hyperref.cfg 2002/06/06 v1.2 hyperref configuration of TeXLive
)
Package hyperref Info: Option `bookmarks' set `true' on input line 4322.
Package hyperref Info: Option `bookmarksopen' set `true' on input line 4322.
Package hyperref Info: Option `implicit' set `false' on input line 4322.
Package hyperref Info: Hyper figures OFF on input line 4446.
Package hyperref Info: Link nesting OFF on input line 4451.
Package hyperref Info: Hyper index ON on input line 4454.
Package hyperref Info: Plain pages OFF on input line 4461.
Package hyperref Info: Backreferencing OFF on input line 4466.
Package hyperref Info: Implicit mode OFF; no redefinition of LaTeX internals.
Package hyperref Info: Bookmarks ON on input line 4691.
\c@Hy@tempcnt=\count121

(/usr/local/texlive/2016/texmf-dist/tex/latex/url/url.sty
\Urlmuskip=\muskip10
Package: url 2013/09/16  ver 3.4  Verb mode for urls, etc.
)
LaTeX Info: Redefining \url on input line 5044.
\XeTeXLinkMargin=\dimen165
\Fld@menulength=\count122
\Field@Width=\dimen166
\Fld@charsize=\dimen167
Package hyperref Info: Hyper figures OFF on input line 6298.
Package hyperref Info: Link nesting OFF on input line 6303.
Package hyperref Info: Hyper index ON on input line 6306.
Package hyperref Info: backreferencing OFF on input line 6313.
Package hyperref Info: Link coloring OFF on input line 6318.
Package hyperref Info: Link coloring with OCG OFF on input line 6323.
Package hyperref Info: PDF/A mode OFF on input line 6328.
LaTeX Info: Redefining \ref on input line 6368.
LaTeX Info: Redefining \pageref on input line 6372.
\Hy@abspage=\count123


Package hyperref Message: Stopped early.

)

Package hyperref Message: Driver (autodetected): hpdftex.

(/usr/local/texlive/2016/texmf-dist/tex/latex/hyperref/hpdftex.def
File: hpdftex.def 2016/05/05 v6.83n Hyperref driver for pdfTeX
\Fld@listcount=\count124
\c@bookmark@seq@number=\count125

(/usr/local/texlive/2016/texmf-dist/tex/latex/oberdiek/rerunfilecheck.sty
Package: rerunfilecheck 2016/05/16 v1.8 Rerun checks for auxiliary files (HO)
Package uniquecounter Info: New unique counter `rerunfilecheck' on input line 2
82.
))
(/usr/local/texlive/2016/texmf-dist/tex/latex/beamer/beamerbaserequires.sty
Package: beamerbaserequires 2010/05/01  (rcs-revision efa082c6111d)

(/usr/local/texlive/2016/texmf-dist/tex/latex/beamer/beamerbasecompatibility.st
y
Package: beamerbasecompatibility 2012/05/01  (rcs-revision 67c48b3b652d)
) (/usr/local/texlive/2016/texmf-dist/tex/latex/beamer/beamerbasefont.sty
Package: beamerbasefont 2015/01/05  (rcs-revision b4b4bee242e2)

(/usr/local/texlive/2016/texmf-dist/tex/latex/amsfonts/amssymb.sty
Package: amssymb 2013/01/14 v3.01 AMS font symbols

(/usr/local/texlive/2016/texmf-dist/tex/latex/amsfonts/amsfonts.sty
Package: amsfonts 2013/01/14 v3.01 Basic AMSFonts support
\@emptytoks=\toks26
\symAMSa=\mathgroup4
\symAMSb=\mathgroup5
LaTeX Font Info:    Overwriting math alphabet `\mathfrak' in version `bold'
(Font)                  U/euf/m/n --> U/euf/b/n on input line 106.
)))
(/usr/local/texlive/2016/texmf-dist/tex/latex/beamer/beamerbasetranslator.sty
Package: beamerbasetranslator 2010/06/11  (rcs-revision 85fd1cc7fc42)

(/usr/local/texlive/2016/texmf-dist/tex/latex/beamer/translator/translator.sty
Package: translator 2010/06/12 ver 1.10

(/usr/local/texlive/2016/texmf-dist/tex/latex/beamer/translator/translator-lang
uage-mappings.tex)))
(/usr/local/texlive/2016/texmf-dist/tex/latex/beamer/beamerbasemisc.sty
Package: beamerbasemisc 2013/09/03  (rcs-revision a55719c41d85)
)
(/usr/local/texlive/2016/texmf-dist/tex/latex/beamer/beamerbasetwoscreens.sty
Package: beamerbasetwoscreens 2010/05/01  (rcs-revision efa082c6111d)
)
(/usr/local/texlive/2016/texmf-dist/tex/latex/beamer/beamerbaseoverlay.sty
Package: beamerbaseoverlay 2013/12/25  (rcs-revision f6bd5e3805da)
\beamer@argscount=\count126
\beamer@lastskipcover=\skip44
\beamer@trivlistdepth=\count127
)
(/usr/local/texlive/2016/texmf-dist/tex/latex/beamer/beamerbasetitle.sty
Package: beamerbasetitle 2010/09/21  (rcs-revision f0446ed0b6ae)
)
(/usr/local/texlive/2016/texmf-dist/tex/latex/beamer/beamerbasesection.sty
Package: beamerbasesection 2013/06/07  (rcs-revision 60b9fe0f342f)
\c@lecture=\count128
\c@part=\count129
\c@section=\count130
\c@subsection=\count131
\c@subsubsection=\count132
)
(/usr/local/texlive/2016/texmf-dist/tex/latex/beamer/beamerbaseframe.sty
Package: beamerbaseframe 2014/02/20  (rcs-revision 4b8ceeeff434)
\beamer@framebox=\box40
\beamer@frametitlebox=\box41
\beamer@zoombox=\box42
\beamer@zoomcount=\count133
\beamer@zoomframecount=\count134
\beamer@frametextheight=\dimen168
\c@subsectionslide=\count135
\beamer@frametopskip=\skip45
\beamer@framebottomskip=\skip46
\beamer@frametopskipautobreak=\skip47
\beamer@framebottomskipautobreak=\skip48
\beamer@envbody=\toks27
\framewidth=\dimen169
\c@framenumber=\count136
)
(/usr/local/texlive/2016/texmf-dist/tex/latex/beamer/beamerbaseverbatim.sty
Package: beamerbaseverbatim 2015/01/05  (rcs-revision 431510bb5890)
\beamer@verbatimfileout=\write4
)
(/usr/local/texlive/2016/texmf-dist/tex/latex/beamer/beamerbaseframesize.sty
Package: beamerbaseframesize 2011/09/12  (rcs-revision 70f9d8411e54)
\beamer@splitbox=\box43
\beamer@autobreakcount=\count137
\beamer@autobreaklastheight=\dimen170
\beamer@frametitletoks=\toks28
\beamer@framesubtitletoks=\toks29
)
(/usr/local/texlive/2016/texmf-dist/tex/latex/beamer/beamerbaseframecomponents.
sty
Package: beamerbaseframecomponents 2013/10/18  (rcs-revision 5cf6c5555a45)
\beamer@footins=\box44
) (/usr/local/texlive/2016/texmf-dist/tex/latex/beamer/beamerbasecolor.sty
Package: beamerbasecolor 2015/02/21  (rcs-revision d944b04ee2d5)
)
(/usr/local/texlive/2016/texmf-dist/tex/latex/beamer/beamerbasenotes.sty
Package: beamerbasenotes 2012/12/19  (rcs-revision 1686da3db3c9)
\beamer@frameboxcopy=\box45
)
(/usr/local/texlive/2016/texmf-dist/tex/latex/beamer/beamerbasetoc.sty
Package: beamerbasetoc 2015/03/08  (rcs-revision 7270298bbaae)
)
(/usr/local/texlive/2016/texmf-dist/tex/latex/beamer/beamerbasetemplates.sty
Package: beamerbasetemplates 2010/05/01  (rcs-revision efa082c6111d)
\beamer@sbttoks=\toks30

(/usr/local/texlive/2016/texmf-dist/tex/latex/beamer/beamerbaseauxtemplates.sty
Package: beamerbaseauxtemplates 2014/06/30  (rcs-revision 580088513a67)
(/usr/local/texlive/2016/texmf-dist/tex/latex/beamer/beamerbaseboxes.sty
Package: beamerbaseboxes 2012/05/13  (rcs-revision 56972908a390)
\bmb@box=\box46
\bmb@colorbox=\box47
\bmb@boxshadow=\box48
\bmb@boxshadowball=\box49
\bmb@boxshadowballlarge=\box50
\bmb@temp=\dimen171
\bmb@dima=\dimen172
\bmb@dimb=\dimen173
\bmb@prevheight=\dimen174
)
\beamer@blockheadheight=\dimen175
))
(/usr/local/texlive/2016/texmf-dist/tex/latex/beamer/beamerbaselocalstructure.s
ty
Package: beamerbaselocalstructure 2014/09/10  (rcs-revision 393f6dcff371)
 (/usr/local/texlive/2016/texmf-dist/tex/latex/tools/enumerate.sty
Package: enumerate 2015/07/23 v3.00 enumerate extensions (DPC)
\@enLab=\toks31
)
\c@figure=\count138
\c@table=\count139
\abovecaptionskip=\skip49
\belowcaptionskip=\skip50
)
(/usr/local/texlive/2016/texmf-dist/tex/latex/beamer/beamerbasenavigation.sty
Package: beamerbasenavigation 2015/02/27  (rcs-revision 923f4bf87efa)
\beamer@section@min@dim=\dimen176
)
(/usr/local/texlive/2016/texmf-dist/tex/latex/beamer/beamerbasetheorems.sty
Package: beamerbasetheorems 2010/06/06  (rcs-revision 7e7cc5e53e9d)

(/usr/local/texlive/2016/texmf-dist/tex/latex/amsmath/amsmath.sty
Package: amsmath 2016/03/10 v2.15b AMS math features
\@mathmargin=\skip51

For additional information on amsmath, use the `?' option.
(/usr/local/texlive/2016/texmf-dist/tex/latex/amsmath/amstext.sty
Package: amstext 2000/06/29 v2.01 AMS text

(/usr/local/texlive/2016/texmf-dist/tex/latex/amsmath/amsgen.sty
File: amsgen.sty 1999/11/30 v2.0 generic functions
\@emptytoks=\toks32
\ex@=\dimen177
))
(/usr/local/texlive/2016/texmf-dist/tex/latex/amsmath/amsbsy.sty
Package: amsbsy 1999/11/29 v1.2d Bold Symbols
\pmbraise@=\dimen178
)
(/usr/local/texlive/2016/texmf-dist/tex/latex/amsmath/amsopn.sty
Package: amsopn 2016/03/08 v2.02 operator names
)
\inf@bad=\count140
LaTeX Info: Redefining \frac on input line 199.
\uproot@=\count141
\leftroot@=\count142
LaTeX Info: Redefining \overline on input line 297.
\classnum@=\count143
\DOTSCASE@=\count144
LaTeX Info: Redefining \ldots on input line 394.
LaTeX Info: Redefining \dots on input line 397.
LaTeX Info: Redefining \cdots on input line 518.
\Mathstrutbox@=\box51
\strutbox@=\box52
\big@size=\dimen179
LaTeX Font Info:    Redeclaring font encoding OML on input line 634.
LaTeX Font Info:    Redeclaring font encoding OMS on input line 635.
\macc@depth=\count145
\c@MaxMatrixCols=\count146
\dotsspace@=\muskip11
\c@parentequation=\count147
\dspbrk@lvl=\count148
\tag@help=\toks33
\row@=\count149
\column@=\count150
\maxfields@=\count151
\andhelp@=\toks34
\eqnshift@=\dimen180
\alignsep@=\dimen181
\tagshift@=\dimen182
\tagwidth@=\dimen183
\totwidth@=\dimen184
\lineht@=\dimen185
\@envbody=\toks35
\multlinegap=\skip52
\multlinetaggap=\skip53
\mathdisplay@stack=\toks36
LaTeX Info: Redefining \[ on input line 2739.
LaTeX Info: Redefining \] on input line 2740.
)
(/usr/local/texlive/2016/texmf-dist/tex/latex/amscls/amsthm.sty
Package: amsthm 2015/03/04 v2.20.2
\thm@style=\toks37
\thm@bodyfont=\toks38
\thm@headfont=\toks39
\thm@notefont=\toks40
\thm@headpunct=\toks41
\thm@preskip=\skip54
\thm@postskip=\skip55
\thm@headsep=\skip56
\dth@everypar=\toks42
)
\c@theorem=\count152
)
(/usr/local/texlive/2016/texmf-dist/tex/latex/beamer/beamerbasethemes.sty
Package: beamerbasethemes 2010/05/01  (rcs-revision efa082c6111d)
))
(/usr/local/texlive/2016/texmf-dist/tex/latex/beamer/themes/theme/beamerthemede
fault.sty
Package: beamerthemedefault 2010/06/17  (rcs-revision d02a7cf4d8ae)

(/usr/local/texlive/2016/texmf-dist/tex/latex/beamer/themes/font/beamerfontthem
edefault.sty
Package: beamerfontthemedefault 2012/12/19  (rcs-revision 1686da3db3c9)
)
(/usr/local/texlive/2016/texmf-dist/tex/latex/beamer/themes/color/beamercolorth
emedefault.sty
Package: beamercolorthemedefault 2012/12/19  (rcs-revision 1686da3db3c9)
)
(/usr/local/texlive/2016/texmf-dist/tex/latex/beamer/themes/inner/beamerinnerth
emedefault.sty
Package: beamerinnerthemedefault 2014/06/30  (rcs-revision 580088513a67)
\beamer@dima=\dimen186
\beamer@dimb=\dimen187
)
(/usr/local/texlive/2016/texmf-dist/tex/latex/beamer/themes/outer/beamerouterth
emedefault.sty
Package: beamerouterthemedefault 2012/12/19  (rcs-revision 1686da3db3c9)
)))
(/usr/local/texlive/2016/texmf-dist/tex/latex/beamer/emulation/beamerseminar.st
y
Package: beamerseminar 2010/06/17  (rcs-revision d02a7cf4d8ae)
\beamerseminar@overlay=\count153
\semin=\dimen188
\semcm=\dimen189
)
(/usr/local/texlive/2016/texmf-dist/tex/latex/beamer/emulation/beamertexpower.s
ty
Package: beamertexpower 2010/06/17  (rcs-revision 14743c450e2c)
) (/usr/local/texlive/2016/texmf-dist/tex/latex/pdfpages/pdfpages.sty
Package: pdfpages 2016/04/19 v0.5f Insert pages of external PDF documents (AM)

(/usr/local/texlive/2016/texmf-dist/tex/latex/base/ifthen.sty
Package: ifthen 2014/09/29 v1.1c Standard LaTeX ifthen package (DPC)
)
(/usr/local/texlive/2016/texmf-dist/tex/latex/tools/calc.sty
Package: calc 2014/10/28 v4.3 Infix arithmetic (KKT,FJ)
\calc@Acount=\count154
\calc@Bcount=\count155
\calc@Adimen=\dimen190
\calc@Bdimen=\dimen191
\calc@Askip=\skip57
\calc@Bskip=\skip58
LaTeX Info: Redefining \setlength on input line 80.
LaTeX Info: Redefining \addtolength on input line 81.
\calc@Ccount=\count156
\calc@Cskip=\skip59
)
(/usr/local/texlive/2016/texmf-dist/tex/latex/eso-pic/eso-pic.sty
Package: eso-pic 2015/07/21 v2.0g eso-pic (RN)
)
\AM@pagewidth=\dimen192
\AM@pageheight=\dimen193

(/usr/local/texlive/2016/texmf-dist/tex/latex/pdfpages/pppdftex.def
File: pppdftex.def 2016/04/19 v0.5f Pdfpages driver for pdfTeX (AM)
)
\AM@pagebox=\box53
\AM@global@opts=\toks43
\AM@toc@title=\toks44
\c@AM@survey=\count157
\AM@templatesizebox=\box54
)
(/usr/local/texlive/2016/texmf-dist/tex/latex/animate/animate.sty
Package: animate 2016/04/15 PDF animations from files and inline graphics

(/usr/local/texlive/2016/texmf-dist/tex/latex/oberdiek/ifdraft.sty
Package: ifdraft 2016/05/16 v1.4 Detect class options draft and final (HO)
)
(/usr/local/texlive/2016/texmf-dist/tex/latex/oberdiek/atenddvi.sty
Package: atenddvi 2016/05/16 v1.2 At end DVI hook (HO)

(/usr/local/texlive/2016/texmf-dist/tex/latex/oberdiek/zref-abspage.sty
Package: zref-abspage 2016/05/16 v2.25 Module abspage for zref (HO)

(/usr/local/texlive/2016/texmf-dist/tex/latex/oberdiek/zref-base.sty
Package: zref-base 2016/05/16 v2.25 Module base for zref (HO)
Package zref Info: New property list: main on input line 759.
Package zref Info: New property: default on input line 760.
Package zref Info: New property: page on input line 761.
)
\c@abspage=\count158
Package zref Info: New property: abspage on input line 62.
)
(/usr/local/texlive/2016/texmf-dist/tex/latex/oberdiek/zref-lastpage.sty
Package: zref-lastpage 2016/05/16 v2.25 Module lastpage for zref (HO)
Package zref Info: New property list: LastPage on input line 55.
))
(/usr/local/texlive/2016/texmf-dist/tex/latex/animate/animfp.sty
Package: animfp 2009/07/23 fixed point addition for animate.sty
\afp@xs=\count159
\afp@xia=\count160
\afp@xib=\count161
\afp@xfa=\count162
\afp@xfb=\count163
\afp@rega=\count164
\afp@regb=\count165
\afp@regs=\count166
)
(/usr/local/texlive/2016/texmf-dist/tex/latex/media9/pdfbase.sty
(/usr/local/texlive/2016/texmf-dist/tex/latex/l3kernel/expl3.sty
Package: expl3 2016/05/18 v6512 L3 programming layer (loader) 

(/usr/local/texlive/2016/texmf-dist/tex/latex/l3kernel/expl3-code.tex
Package: expl3 2016/05/18 v6512 L3 programming layer (code)
L3 Module: l3bootstrap 2016/02/12 v6412 L3 Bootstrap code
L3 Module: l3names 2016/03/11 v6433 L3 Namespace for primitives
L3 Module: l3basics 2015/11/22 v6315 L3 Basic definitions
L3 Module: l3expan 2015/09/10 v5983 L3 Argument expansion
L3 Module: l3tl 2016/03/26 v6465 L3 Token lists
L3 Module: l3str 2016/03/24 v6441 L3 Strings
L3 Module: l3seq 2015/08/05 v5777 L3 Sequences and stacks
L3 Module: l3int 2016/03/24 v6441 L3 Integers
\c_max_int=\count167
\l_tmpa_int=\count168
\l_tmpb_int=\count169
\g_tmpa_int=\count170
\g_tmpb_int=\count171
L3 Module: l3quark 2015/08/17 v5855 L3 Quarks
L3 Module: l3prg 2015/11/01 v6216 L3 Control structures
\g__prg_map_int=\count172
L3 Module: l3clist 2015/09/02 v5901 L3 Comma separated lists
L3 Module: l3token 2016/04/03 v6470 L3 Experimental token manipulation
L3 Module: l3prop 2016/01/05 v6366 L3 Property lists
L3 Module: l3msg 2016/03/26 v6464 L3 Messages
L3 Module: l3file 2016/03/25 v6458 L3 File and I/O operations
\l_iow_line_count_int=\count173
\l__iow_target_count_int=\count174
\l__iow_current_line_int=\count175
\l__iow_current_word_int=\count176
\l__iow_current_indentation_int=\count177
L3 Module: l3skip 2016/01/05 v6366 L3 Dimensions and skips
\c_zero_dim=\dimen194
\c_max_dim=\dimen195
\l_tmpa_dim=\dimen196
\l_tmpb_dim=\dimen197
\g_tmpa_dim=\dimen198
\g_tmpb_dim=\dimen199
\c_zero_skip=\skip60
\c_max_skip=\skip61
\l_tmpa_skip=\skip62
\l_tmpb_skip=\skip63
\g_tmpa_skip=\skip64
\g_tmpb_skip=\skip65
\c_zero_muskip=\muskip12
\c_max_muskip=\muskip13
\l_tmpa_muskip=\muskip14
\l_tmpb_muskip=\muskip15
\g_tmpa_muskip=\muskip16
\g_tmpb_muskip=\muskip17
L3 Module: l3keys 2015/11/17 v6284 L3 Key-value interfaces
\g__keyval_level_int=\count178
\l_keys_choice_int=\count179
L3 Module: l3fp 2016/03/26 v6465 L3 Floating points
\c__fp_leading_shift_int=\count180
\c__fp_middle_shift_int=\count181
\c__fp_trailing_shift_int=\count182
\c__fp_big_leading_shift_int=\count183
\c__fp_big_middle_shift_int=\count184
\c__fp_big_trailing_shift_int=\count185
\c__fp_Bigg_leading_shift_int=\count186
\c__fp_Bigg_middle_shift_int=\count187
\c__fp_Bigg_trailing_shift_int=\count188
L3 Module: l3box 2015/08/09 v5822 L3 Experimental boxes
\c_empty_box=\box55
\l_tmpa_box=\box56
\l_tmpb_box=\box57
\g_tmpa_box=\box58
\g_tmpb_box=\box59
L3 Module: l3coffins 2016/05/17 v6508 L3 Coffin code layer
\l__coffin_internal_box=\box60
\l__coffin_internal_dim=\dimen256
\l__coffin_offset_x_dim=\dimen257
\l__coffin_offset_y_dim=\dimen258
\l__coffin_x_dim=\dimen259
\l__coffin_y_dim=\dimen260
\l__coffin_x_prime_dim=\dimen261
\l__coffin_y_prime_dim=\dimen262
\c_empty_coffin=\box61
\l__coffin_aligned_coffin=\box62
\l__coffin_aligned_internal_coffin=\box63
\l_tmpa_coffin=\box64
\l_tmpb_coffin=\box65
\l__coffin_display_coffin=\box66
\l__coffin_display_coord_coffin=\box67
\l__coffin_display_pole_coffin=\box68
\l__coffin_display_offset_dim=\dimen263
\l__coffin_display_x_dim=\dimen264
\l__coffin_display_y_dim=\dimen265
L3 Module: l3color 2014/08/23 v5354 L3 Experimental color support
L3 Module: l3sys 2015/09/25 v6087 L3 Experimental system/runtime functions
L3 Module: l3candidates 2016/05/13 v6484 L3 Experimental additions to l3kernel
\l__box_top_dim=\dimen266
\l__box_bottom_dim=\dimen267
\l__box_left_dim=\dimen268
\l__box_right_dim=\dimen269
\l__box_top_new_dim=\dimen270
\l__box_bottom_new_dim=\dimen271
\l__box_left_new_dim=\dimen272
\l__box_right_new_dim=\dimen273
\l__box_internal_box=\box69
\l__coffin_bounding_shift_dim=\dimen274
\l__coffin_left_corner_dim=\dimen275
\l__coffin_right_corner_dim=\dimen276
\l__coffin_bottom_corner_dim=\dimen277
\l__coffin_top_corner_dim=\dimen278
\l__coffin_scaled_total_height_dim=\dimen279
\l__coffin_scaled_width_dim=\dimen280
L3 Module: l3luatex 2016/03/26 v6465 L3 Experimental LuaTeX-specific functions
)
(/usr/local/texlive/2016/texmf-dist/tex/latex/l3kernel/l3pdfmode.def
File: l3pdfmode.def 2016/03/26 v6465 L3 Experimental driver: PDF mode
\l__driver_color_stack_int=\count189
\l__driver_tmp_box=\box70
))
(/usr/local/texlive/2016/texmf-dist/tex/latex/l3packages/l3keys2e/l3keys2e.sty
Package: l3keys2e 2016/05/18 v6512 LaTeX2e option processing using LaTeX3 keys
)
Package: pdfbase 2016/03/22 v0.8 driver independent access to low-level PDF fea
tures
\g_pbs_oc_int=\count190
) (/usr/local/texlive/2016/texmf-dist/tex/latex/ocgx2/ocgbase.sty
Package: ocgbase 2016/03/11 v0.6 support package for ocgx2.sty
)
(/usr/local/texlive/2016/texmf-dist/tex/context/base/mkii/supp-pdf.mkii
[Loading MPS to PDF converter (version 2006.09.02).]
\scratchcounter=\count191
\scratchdimen=\dimen281
\scratchbox=\box71
\nofMPsegments=\count192
\nofMParguments=\count193
\everyMPshowfont=\toks45
\MPscratchCnt=\count194
\MPscratchDim=\dimen282
\MPnumerator=\count195
\makeMPintoPDFobject=\count196
\everyMPtoPDFconversion=\toks46
)
\@anim@box=\box72
\@anim@measbox=\box73
\@anim@tmpdima=\dimen283
\@anim@tmpdimb=\dimen284
\@anim@num=\count197
\@anim@curframe=\count198
\@anim@curframe@zb=\count199
\@anim@resizeflags=\count266
\@anim@skipfram=\count267
\@anim@mulframecnt=\count268
\@anim@@tmlnfile=\read2
\@anim@tmpcnt=\count269
\c@@anim@ltxcnt=\count270
\@anim@curlayer=\count271
\@anim@lineno=\count272
\@anim@curfield=\count273
\@anim@@resizeflags=\count274
) (/usr/local/texlive/2016/texmf-dist/tex/latex/varwidth/varwidth.sty
Package: varwidth 2009/03/30 ver 0.92;  Variable-width minipages
\@vwid@box=\box74
\sift@deathcycles=\count275
\@vwid@loff=\dimen285
\@vwid@roff=\dimen286
)
(/usr/local/texlive/2016/texmf-dist/tex/latex/pgf/frontendlayer/tikz.sty
(/usr/local/texlive/2016/texmf-dist/tex/latex/pgf/basiclayer/pgf.sty
Package: pgf 2015/08/07 v3.0.1a (rcs-revision 1.15)

(/usr/local/texlive/2016/texmf-dist/tex/generic/pgf/modules/pgfmoduleshapes.cod
e.tex
File: pgfmoduleshapes.code.tex 2014/03/21  (rcs-revision 1.35)
\pgfnodeparttextbox=\box75
)
(/usr/local/texlive/2016/texmf-dist/tex/generic/pgf/modules/pgfmoduleplot.code.
tex
File: pgfmoduleplot.code.tex 2015/08/03  (rcs-revision 1.13)
)
(/usr/local/texlive/2016/texmf-dist/tex/latex/pgf/compatibility/pgfcomp-version
-0-65.sty
Package: pgfcomp-version-0-65 2007/07/03 v3.0.1a (rcs-revision 1.7)
\pgf@nodesepstart=\dimen287
\pgf@nodesepend=\dimen288
)
(/usr/local/texlive/2016/texmf-dist/tex/latex/pgf/compatibility/pgfcomp-version
-1-18.sty
Package: pgfcomp-version-1-18 2007/07/23 v3.0.1a (rcs-revision 1.1)
))
(/usr/local/texlive/2016/texmf-dist/tex/latex/pgf/utilities/pgffor.sty
(/usr/local/texlive/2016/texmf-dist/tex/latex/pgf/utilities/pgfkeys.sty
(/usr/local/texlive/2016/texmf-dist/tex/generic/pgf/utilities/pgfkeys.code.tex)
) (/usr/local/texlive/2016/texmf-dist/tex/latex/pgf/math/pgfmath.sty
(/usr/local/texlive/2016/texmf-dist/tex/generic/pgf/math/pgfmath.code.tex))
(/usr/local/texlive/2016/texmf-dist/tex/generic/pgf/utilities/pgffor.code.tex
Package: pgffor 2013/12/13 v3.0.1a (rcs-revision 1.25)

(/usr/local/texlive/2016/texmf-dist/tex/generic/pgf/math/pgfmath.code.tex)
\pgffor@iter=\dimen289
\pgffor@skip=\dimen290
\pgffor@stack=\toks47
\pgffor@toks=\toks48
))
(/usr/local/texlive/2016/texmf-dist/tex/generic/pgf/frontendlayer/tikz/tikz.cod
e.tex
Package: tikz 2015/08/07 v3.0.1a (rcs-revision 1.151)

(/usr/local/texlive/2016/texmf-dist/tex/generic/pgf/libraries/pgflibraryplothan
dlers.code.tex
File: pgflibraryplothandlers.code.tex 2013/08/31 v3.0.1a (rcs-revision 1.20)
\pgf@plot@mark@count=\count276
\pgfplotmarksize=\dimen291
)
\tikz@lastx=\dimen292
\tikz@lasty=\dimen293
\tikz@lastxsaved=\dimen294
\tikz@lastysaved=\dimen295
\tikzleveldistance=\dimen296
\tikzsiblingdistance=\dimen297
\tikz@figbox=\box76
\tikz@figbox@bg=\box77
\tikz@tempbox=\box78
\tikz@tempbox@bg=\box79
\tikztreelevel=\count277
\tikznumberofchildren=\count278
\tikznumberofcurrentchild=\count279
\tikz@fig@count=\count280

(/usr/local/texlive/2016/texmf-dist/tex/generic/pgf/modules/pgfmodulematrix.cod
e.tex
File: pgfmodulematrix.code.tex 2013/09/17  (rcs-revision 1.8)
\pgfmatrixcurrentrow=\count281
\pgfmatrixcurrentcolumn=\count282
\pgf@matrix@numberofcolumns=\count283
)
\tikz@expandcount=\count284

(/usr/local/texlive/2016/texmf-dist/tex/generic/pgf/frontendlayer/tikz/librarie
s/tikzlibrarytopaths.code.tex
File: tikzlibrarytopaths.code.tex 2008/06/17 v3.0.1a (rcs-revision 1.2)
)))
(/usr/local/texlive/2016/texmf-dist/tex/latex/pgfgantt/pgfgantt.sty
Package: pgfgantt 2013/06/01 v4.0 Draw Gantt diagrams with TikZ

(/usr/local/texlive/2016/texmf-dist/tex/generic/pgf/frontendlayer/tikz/librarie
s/tikzlibraryarrows.code.tex
File: tikzlibraryarrows.code.tex 2008/01/09 v3.0.1a (rcs-revision 1.1)

(/usr/local/texlive/2016/texmf-dist/tex/generic/pgf/libraries/pgflibraryarrows.
code.tex
File: pgflibraryarrows.code.tex 2013/09/23 v3.0.1a (rcs-revision 1.16)
\arrowsize=\dimen298
))
(/usr/local/texlive/2016/texmf-dist/tex/generic/pgf/frontendlayer/tikz/librarie
s/tikzlibrarybackgrounds.code.tex
File: tikzlibrarybackgrounds.code.tex 2013/07/18 v3.0.1a (rcs-revision 1.3)
\pgf@layerbox@background=\box80
\pgf@layerboxsaved@background=\box81
)
(/usr/local/texlive/2016/texmf-dist/tex/generic/pgf/frontendlayer/tikz/librarie
s/tikzlibrarycalc.code.tex
File: tikzlibrarycalc.code.tex 2013/07/15 v3.0.1a (rcs-revision 1.9)
)
(/usr/local/texlive/2016/texmf-dist/tex/generic/pgf/frontendlayer/tikz/librarie
s/tikzlibrarypatterns.code.tex
File: tikzlibrarypatterns.code.tex 2008/01/15 v3.0.1a (rcs-revision 1.2)

(/usr/local/texlive/2016/texmf-dist/tex/generic/pgf/libraries/pgflibrarypattern
s.code.tex
File: pgflibrarypatterns.code.tex 2008/03/03 v3.0.1a (rcs-revision 1.13)
))
(/usr/local/texlive/2016/texmf-dist/tex/generic/pgf/frontendlayer/tikz/librarie
s/tikzlibrarypositioning.code.tex
File: tikzlibrarypositioning.code.tex 2008/10/06 v3.0.1a (rcs-revision 1.7)
)
(/usr/local/texlive/2016/texmf-dist/tex/generic/pgf/frontendlayer/tikz/librarie
s/tikzlibraryshapes.geometric.code.tex
File: tikzlibraryshapes.geometric.code.tex 2008/01/09 v3.0.1a (rcs-revision 1.1
)

(/usr/local/texlive/2016/texmf-dist/tex/generic/pgf/libraries/shapes/pgflibrary
shapes.geometric.code.tex
File: pgflibraryshapes.geometric.code.tex 2008/06/26 v3.0.1a (rcs-revision 1.1)

))
(/usr/local/texlive/2016/texmf-dist/tex/latex/pgf/utilities/pgfcalendar.sty
(/usr/local/texlive/2016/texmf-dist/tex/generic/pgf/utilities/pgfcalendar.code.
tex
File: pgfcalendar.code.tex 2007/07/23 v3.0.1a (rcs-revision 1.11)
\pgfcalendarcurrentjulian=\count285
))
\gtt@currentline=\count286
\gtt@lasttitleline=\count287
\gtt@currgrid=\count288
\gtt@chartwidth=\count289
\gtt@lasttitleslot=\count290
\gtt@elementid=\count291
\gtt@today@slot=\count292
\gtt@startjulian=\count293
\gtt@endjulian=\count294
\gtt@calendar@slots=\count295
\gtt@calendar@weeknumber=\count296
\gtt@calendar@startofweek=\count297
\gtt@left@slot=\count298
\gtt@right@slot=\count299
) (/usr/local/texlive/2016/texmf-dist/tex/latex/base/inputenc.sty
Package: inputenc 2015/03/17 v1.2c Input encoding file
\inpenc@prehook=\toks49
\inpenc@posthook=\toks50

(/usr/local/texlive/2016/texmf-dist/tex/latex/base/latin1.def
File: latin1.def 2015/03/17 v1.2c Input encoding file
))
(/usr/local/texlive/2016/texmf-dist/tex/latex/base/fontenc.sty
Package: fontenc 2005/09/27 v1.99g Standard LaTeX package

(/usr/local/texlive/2016/texmf-dist/tex/latex/base/t1enc.def
File: t1enc.def 2005/09/27 v1.99g Standard LaTeX file
LaTeX Font Info:    Redeclaring font encoding T1 on input line 48.
))
(/usr/local/texlive/2016/texmf-dist/tex/latex/tools/xspace.sty
Package: xspace 2014/10/28 v1.13 Space after command names (DPC,MH)
)
(/usr/local/texlive/2016/texmf-dist/tex/latex/tools/array.sty
Package: array 2014/10/28 v2.4c Tabular extension package (FMi)
\col@sep=\dimen299
\extrarowheight=\dimen300
\NC@list=\toks51
\extratabsurround=\skip66
\backup@length=\skip67
)
(/usr/local/texlive/2016/texmf-dist/tex/latex/tools/bm.sty
Package: bm 2016/02/27 v1.2a Bold Symbol Support (DPC/FMi)
\symboldoperators=\mathgroup6
\symboldletters=\mathgroup7
\symboldsymbols=\mathgroup8
LaTeX Font Info:    Redeclaring math alphabet \mathbf on input line 142.
LaTeX Info: Redefining \bm on input line 208.
)
(/usr/local/texlive/2016/texmf-dist/tex/latex/fancybox/fancybox.sty
Package: fancybox 2010/05/15 1.4

Style option: `fancybox' v1.4 <2010/05/15> (tvz)
\@fancybox=\box82
\shadowsize=\dimen301
\@Sbox=\box83
\do@VerbBox=\toks52
\the@fancyput=\toks53
\this@fancyput=\toks54
\EndVerbatimTokens=\toks55
\Verbatim@Outfile=\write5
\Verbatim@Infile=\read3
) (/usr/local/texlive/2016/texmf-dist/tex/latex/caption/caption.sty
Package: caption 2016/02/21 v3.3-144 Customizing captions (AR)

(/usr/local/texlive/2016/texmf-dist/tex/latex/caption/caption3.sty
Package: caption3 2016/02/04 v1.7-139 caption3 kernel (AR)
Package caption3 Info: TeX engine: e-TeX on input line 67.
\captionmargin=\dimen302
\captionmargin@=\dimen303
\captionwidth=\dimen304
\caption@tempdima=\dimen305
\caption@indent=\dimen306
\caption@parindent=\dimen307
\caption@hangindent=\dimen308
)
\c@ContinuedFloat=\count300
Package caption Info: beamer document class.
Package caption Info: hyperref package is loaded.
Package caption Info: Hyperref support is turned off
(caption)             because hyperref has stopped early.
)
(/usr/local/texlive/2016/texmf-dist/tex/latex/natbib/natbib.sty
Package: natbib 2010/09/13 8.31b (PWD, AO)
\bibhang=\skip68
\bibsep=\skip69
LaTeX Info: Redefining \cite on input line 694.
\c@NAT@ctr=\count301
)
(/usr/local/texlive/2016/texmf-dist/tex/latex/beamer/themes/font/beamerfontthem
estructuresmallcapsserif.sty
Package: beamerfontthemestructuresmallcapsserif 2010/06/17  (rcs-revision d02a7
cf4d8ae)
)
(/usr/local/texlive/2016/texmf-dist/tex/latex/beamer/themes/color/beamercolorth
emedolphin.sty
Package: beamercolorthemedolphin 2010/06/17  (rcs-revision d02a7cf4d8ae)
) (./BSUCambridge.aux)
\openout1 = `BSUCambridge.aux'.

LaTeX Font Info:    Checking defaults for OML/cmm/m/it on input line 49.
LaTeX Font Info:    ... okay on input line 49.
LaTeX Font Info:    Checking defaults for T1/cmr/m/n on input line 49.
LaTeX Font Info:    ... okay on input line 49.
LaTeX Font Info:    Checking defaults for OT1/cmr/m/n on input line 49.
LaTeX Font Info:    ... okay on input line 49.
LaTeX Font Info:    Checking defaults for OMS/cmsy/m/n on input line 49.
LaTeX Font Info:    ... okay on input line 49.
LaTeX Font Info:    Checking defaults for OMX/cmex/m/n on input line 49.
LaTeX Font Info:    ... okay on input line 49.
LaTeX Font Info:    Checking defaults for U/cmr/m/n on input line 49.
LaTeX Font Info:    ... okay on input line 49.
LaTeX Font Info:    Checking defaults for PD1/pdf/m/n on input line 49.
LaTeX Font Info:    ... okay on input line 49.

*geometry* driver: auto-detecting
*geometry* detected driver: pdftex
*geometry* verbose mode - [ preamble ] result:
* driver: pdftex
* paper: custom
* layout: <same size as paper>
* layoutoffset:(h,v)=(0.0pt,0.0pt)
* modes: includehead includefoot 
* h-part:(L,W,R)=(28.45274pt, 307.28987pt, 28.45274pt)
* v-part:(T,H,B)=(0.0pt, 273.14662pt, 0.0pt)
* \paperwidth=364.19536pt
* \paperheight=273.14662pt
* \textwidth=307.28987pt
* \textheight=244.6939pt
* \oddsidemargin=-43.81725pt
* \evensidemargin=-43.81725pt
* \topmargin=-72.26999pt
* \headheight=14.22636pt
* \headsep=0.0pt
* \topskip=10.0pt
* \footskip=14.22636pt
* \marginparwidth=3.0pt
* \marginparsep=11.0pt
* \columnsep=10.0pt
* \skip\footins=9.0pt plus 4.0pt minus 2.0pt
* \hoffset=0.0pt
* \voffset=0.0pt
* \mag=1000
* \@twocolumnfalse
* \@twosidefalse
* \@mparswitchfalse
* \@reversemarginfalse
* (1in=72.27pt=25.4mm, 1cm=28.453pt)

(/usr/local/texlive/2016/texmf-dist/tex/latex/oberdiek/epstopdf-base.sty
Package: epstopdf-base 2016/05/15 v2.6 Base part for package epstopdf

(/usr/local/texlive/2016/texmf-dist/tex/latex/oberdiek/grfext.sty
Package: grfext 2016/05/16 v1.2 Manage graphics extensions (HO)
)
Package grfext Info: Graphics extension search list:
(grfext)             [.png,.pdf,.jpg,.mps,.jpeg,.jbig2,.jb2,.PNG,.PDF,.JPG,.JPE
G,.JBIG2,.JB2,.eps]
(grfext)             \AppendGraphicsExtensions on input line 456.

(/usr/local/texlive/2016/texmf-dist/tex/latex/latexconfig/epstopdf-sys.cfg
File: epstopdf-sys.cfg 2010/07/13 v1.3 Configuration of (r)epstopdf for TeX Liv
e
))
ABD: EveryShipout initializing macros
\AtBeginShipoutBox=\box84
Package hyperref Info: Link coloring OFF on input line 49.

(/usr/local/texlive/2016/texmf-dist/tex/latex/hyperref/nameref.sty
Package: nameref 2012/10/27 v2.43 Cross-referencing by name of section

(/usr/local/texlive/2016/texmf-dist/tex/generic/oberdiek/gettitlestring.sty
Package: gettitlestring 2016/05/16 v1.5 Cleanup title references (HO)
)
\c@section@level=\count302
)
LaTeX Info: Redefining \ref on input line 49.
LaTeX Info: Redefining \pageref on input line 49.
LaTeX Info: Redefining \nameref on input line 49.

(./BSUCambridge.out) (./BSUCambridge.out)
\@outlinefile=\write6
\openout6 = `BSUCambridge.out'.


(/usr/local/texlive/2016/texmf-dist/tex/latex/beamer/translator/dicts/translato
r-basic-dictionary/translator-basic-dictionary-English.dict
Dictionary: translator-basic-dictionary, Language: English 
)
(/usr/local/texlive/2016/texmf-dist/tex/latex/beamer/translator/dicts/translato
r-bibliography-dictionary/translator-bibliography-dictionary-English.dict
Dictionary: translator-bibliography-dictionary, Language: English 
)
(/usr/local/texlive/2016/texmf-dist/tex/latex/beamer/translator/dicts/translato
r-environment-dictionary/translator-environment-dictionary-English.dict
Dictionary: translator-environment-dictionary, Language: English 
)
(/usr/local/texlive/2016/texmf-dist/tex/latex/beamer/translator/dicts/translato
r-months-dictionary/translator-months-dictionary-English.dict
Dictionary: translator-months-dictionary, Language: English 
)
(/usr/local/texlive/2016/texmf-dist/tex/latex/beamer/translator/dicts/translato
r-numbers-dictionary/translator-numbers-dictionary-English.dict
Dictionary: translator-numbers-dictionary, Language: English 
)
(/usr/local/texlive/2016/texmf-dist/tex/latex/beamer/translator/dicts/translato
r-theorem-dictionary/translator-theorem-dictionary-English.dict
Dictionary: translator-theorem-dictionary, Language: English 
)
LaTeX Info: Redefining \includegraphics on input line 49.

(/usr/local/texlive/2016/texmf-dist/tex/latex/oberdiek/pdflscape.sty
Package: pdflscape 2016/05/14 v0.11 Display of landscape pages in PDF (HO)

(/usr/local/texlive/2016/texmf-dist/tex/latex/graphics/lscape.sty
Package: lscape 2000/10/22 v3.01 Landscape Pages (DPC)
)
Package pdflscape Info: Auto-detected driver: pdftex on input line 81.
)
Package caption Info: Begin \AtBeginDocument code.
Package caption Info: End \AtBeginDocument code.

(./BSUCambridge.nav)
LaTeX Font Info:    Try loading font information for U+msa on input line 61.

(/usr/local/texlive/2016/texmf-dist/tex/latex/amsfonts/umsa.fd
File: umsa.fd 2013/01/14 v3.01 AMS symbols A
)
LaTeX Font Info:    Try loading font information for U+msb on input line 61.

(/usr/local/texlive/2016/texmf-dist/tex/latex/amsfonts/umsb.fd
File: umsb.fd 2013/01/14 v3.01 AMS symbols B
)
<LogoNew.jpg, id=37, 415.5525pt x 137.01187pt>
File: LogoNew.jpg Graphic file (type jpg)
 <use LogoNew.jpg>
Package pdftex.def Info: LogoNew.jpg used on input line 61.
(pdftex.def)             Requested size: 166.21805pt x 54.80377pt.

Overfull \vbox (9.00746pt too high) detected at line 61
 []


LaTeX Font Warning: Font shape `T1/cmr/m/sc' in size <4> not available
(Font)              size <5> substituted on input line 61.


LaTeX Font Warning: Font shape `T1/cmr/m/n' in size <4> not available
(Font)              size <5> substituted on input line 61.

[1

{/usr/local/texlive/2016/texmf-var/fonts/map/pdftex/updmap/pdftex.map} <./LogoN
ew.jpg>] [2

]
<iForest_ifor1952-009-image001.jpg, id=55, 1360.08125pt x 1632.0975pt>
File: iForest_ifor1952-009-image001.jpg Graphic file (type jpg)

<use iForest_ifor1952-009-image001.jpg>
Package pdftex.def Info: iForest_ifor1952-009-image001.jpg used on input line 1
12.
(pdftex.def)             Requested size: 68.00804pt x 81.60965pt.
 [3

 <./iForest_ifor1952-009-image001.jpg>] [4

]

LaTeX Font Warning: Font shape `T1/cmr/m/n' in size <20> not available
(Font)              size <20.74> substituted on input line 137.

[5

] [6

] [7

] [8

] [9

] [10

] [11

] [12

] [13

] [14

] [15

] [16

] [17

]
<Lungmales_SMRHETmap.jpg, id=152, 505.6491pt x 238.491pt>
File: Lungmales_SMRHETmap.jpg Graphic file (type jpg)

<use Lungmales_SMRHETmap.jpg>
Package pdftex.def Info: Lungmales_SMRHETmap.jpg used on input line 241.
(pdftex.def)             Requested size: 505.64784pt x 238.4904pt.
 [18

 <./Lungmales_SMRHETmap.jpg>] [19

]
<Lungmales_3maps.jpg, id=167, 319.4334pt x 416.757pt>
File: Lungmales_3maps.jpg Graphic file (type jpg)

<use Lungmales_3maps.jpg>
Package pdftex.def Info: Lungmales_3maps.jpg used on input line 271.
(pdftex.def)             Requested size: 159.7163pt x 208.37799pt.
 [20

 <./Lungmales_3maps.jpg>] [21

] [22

]
<srep24173-f3.jpg, id=185, 168.63pt x 217.0509pt>
File: srep24173-f3.jpg Graphic file (type jpg)
 <use srep24173-f3.jpg>
Package pdftex.def Info: srep24173-f3.jpg used on input line 346.
(pdftex.def)             Requested size: 126.47218pt x 162.78777pt.

Overfull \vbox (1.75131pt too high) detected at line 346
 []

[23

 <./srep24173-f3.jpg>] [24

]
<sim6873-fig-0005.png, id=196, 768.9528pt x 1164.9924pt>
File: sim6873-fig-0005.png Graphic file (type png)

<use sim6873-fig-0005.png>
Package pdftex.def Info: sim6873-fig-0005.png used on input line 385.
(pdftex.def)             Requested size: 107.65265pt x 163.09782pt.

<sim6873-fig-0006.png, id=197, 768.9528pt x 636.6987pt>
File: sim6873-fig-0006.png Graphic file (type png)

<use sim6873-fig-0006.png>
Package pdftex.def Info: sim6873-fig-0006.png used on input line 385.
(pdftex.def)             Requested size: 153.78783pt x 127.33748pt.

<sim6873-fig-0007.png, id=198, 768.9528pt x 607.7907pt>
File: sim6873-fig-0007.png Graphic file (type png)

<use sim6873-fig-0007.png>
Package pdftex.def Info: sim6873-fig-0007.png used on input line 385.
(pdftex.def)             Requested size: 153.78783pt x 121.55598pt.
 [25

 <./sim6873-fig-0005.png> <./sim6873-fig-0006.png> <./sim6873-fig-0007.png>]
File: sim6873-fig-0005.png Graphic file (type png)
 <use sim6873-fig-0005.png>
Package pdftex.def Info: sim6873-fig-0005.png used on input line 385.
(pdftex.def)             Requested size: 107.65265pt x 163.09782pt.
File: sim6873-fig-0006.png Graphic file (type png)

<use sim6873-fig-0006.png>
Package pdftex.def Info: sim6873-fig-0006.png used on input line 385.
(pdftex.def)             Requested size: 153.78783pt x 127.33748pt.
File: sim6873-fig-0007.png Graphic file (type png)
 <use sim6873-fig-0007.png>
Package pdftex.def Info: sim6873-fig-0007.png used on input line 385.
(pdftex.def)             Requested size: 153.78783pt x 121.55598pt.
 [26

]
File: sim6873-fig-0005.png Graphic file (type png)

<use sim6873-fig-0005.png>
Package pdftex.def Info: sim6873-fig-0005.png used on input line 385.
(pdftex.def)             Requested size: 107.65265pt x 163.09782pt.
File: sim6873-fig-0006.png Graphic file (type png)
 <use sim6873-fig-0006.png>
Package pdftex.def Info: sim6873-fig-0006.png used on input line 385.
(pdftex.def)             Requested size: 153.78783pt x 127.33748pt.
File: sim6873-fig-0007.png Graphic file (type png)

<use sim6873-fig-0007.png>
Package pdftex.def Info: sim6873-fig-0007.png used on input line 385.
(pdftex.def)             Requested size: 153.78783pt x 121.55598pt.
 [27

]
Overfull \vbox (0.16164pt too high) detected at line 441
 []

[28

] <./SMR1.png> <./SMR2.png> <./SMR3.png> <./SMR4.png> <./SMR5.png> <./SMR6.png>
 <./SMR7.png> <./SMR8.png> <./SMR9.png> <./SMR10.png> <./SMR11.png> <./SMR12.pn
g> [29

]
Overfull \hbox (1.23769pt too wide) in paragraph at lines 509--509
[][][][]  
 []

<RRmap.png, id=301, 1146.2825pt x 737.75626pt>
File: RRmap.png Graphic file (type png)
 <use RRmap.png>
Package pdftex.def Info: RRmap.png used on input line 509.
(pdftex.def)             Requested size: 153.64493pt x 98.88359pt.

<outbreaks_map.png, id=302, 269.005pt x 291.0875pt>
File: outbreaks_map.png Graphic file (type png)
 <use outbreaks_map.png>
Package pdftex.def Info: outbreaks_map.png used on input line 509.
(pdftex.def)             Requested size: 92.18788pt x 99.7546pt.

[30

 <./RRmap.png (PNG copy)> <./outbreaks_map.png>]
<time_all.png, id=309, 1266.7325pt x 737.75626pt>
File: time_all.png Graphic file (type png)
 <use time_all.png>
Package pdftex.def Info: time_all.png used on input line 535.
(pdftex.def)             Requested size: 332.20334pt x 193.47882pt.

<Cheshire.png, id=310, 1266.7325pt x 737.75626pt>
File: Cheshire.png Graphic file (type png)
 <use Cheshire.png>
Package pdftex.def Info: Cheshire.png used on input line 535.
(pdftex.def)             Requested size: 244.25749pt x 142.26378pt.

<Hamphsire.png, id=311, 1266.7325pt x 737.75626pt>
File: Hamphsire.png Graphic file (type png)
 <use Hamphsire.png>
Package pdftex.def Info: Hamphsire.png used on input line 535.
(pdftex.def)             Requested size: 244.25749pt x 142.26378pt.

<Southampton.png, id=312, 1266.7325pt x 737.75626pt>
File: Southampton.png Graphic file (type png)
 <use Southampton.png>
Package pdftex.def Info: Southampton.png used on input line 535.
(pdftex.def)             Requested size: 244.25749pt x 142.26378pt.

<Manchester.png, id=313, 1266.7325pt x 737.75626pt>
File: Manchester.png Graphic file (type png)
 <use Manchester.png>
Package pdftex.def Info: Manchester.png used on input line 535.
(pdftex.def)             Requested size: 244.25749pt x 142.26378pt.

Overfull \vbox (29.96416pt too high) detected at line 535
 []

[31

 <./time_all.png> <./Cheshire.png> <./Hamphsire.png> <./Southampton.png> <./Man
chester.png>]
File: time_all.png Graphic file (type png)
 <use time_all.png>
Package pdftex.def Info: time_all.png used on input line 535.
(pdftex.def)             Requested size: 332.20334pt x 193.47882pt.
File: Cheshire.png Graphic file (type png)
 <use Cheshire.png>
Package pdftex.def Info: Cheshire.png used on input line 535.
(pdftex.def)             Requested size: 244.25749pt x 142.26378pt.
File: Hamphsire.png Graphic file (type png)
 <use Hamphsire.png>
Package pdftex.def Info: Hamphsire.png used on input line 535.
(pdftex.def)             Requested size: 244.25749pt x 142.26378pt.
File: Southampton.png Graphic file (type png)

<use Southampton.png>
Package pdftex.def Info: Southampton.png used on input line 535.
(pdftex.def)             Requested size: 244.25749pt x 142.26378pt.
File: Manchester.png Graphic file (type png)
 <use Manchester.png>
Package pdftex.def Info: Manchester.png used on input line 535.
(pdftex.def)             Requested size: 244.25749pt x 142.26378pt.

Overfull \vbox (29.96416pt too high) detected at line 535
 []

[32

]
File: time_all.png Graphic file (type png)
 <use time_all.png>
Package pdftex.def Info: time_all.png used on input line 535.
(pdftex.def)             Requested size: 332.20334pt x 193.47882pt.
File: Cheshire.png Graphic file (type png)
 <use Cheshire.png>
Package pdftex.def Info: Cheshire.png used on input line 535.
(pdftex.def)             Requested size: 244.25749pt x 142.26378pt.
File: Hamphsire.png Graphic file (type png)
 <use Hamphsire.png>
Package pdftex.def Info: Hamphsire.png used on input line 535.
(pdftex.def)             Requested size: 244.25749pt x 142.26378pt.
File: Southampton.png Graphic file (type png)

<use Southampton.png>
Package pdftex.def Info: Southampton.png used on input line 535.
(pdftex.def)             Requested size: 244.25749pt x 142.26378pt.
File: Manchester.png Graphic file (type png)
 <use Manchester.png>
Package pdftex.def Info: Manchester.png used on input line 535.
(pdftex.def)             Requested size: 244.25749pt x 142.26378pt.

Overfull \vbox (29.96416pt too high) detected at line 535
 []

[33

]
File: time_all.png Graphic file (type png)
 <use time_all.png>
Package pdftex.def Info: time_all.png used on input line 535.
(pdftex.def)             Requested size: 332.20334pt x 193.47882pt.
File: Cheshire.png Graphic file (type png)
 <use Cheshire.png>
Package pdftex.def Info: Cheshire.png used on input line 535.
(pdftex.def)             Requested size: 244.25749pt x 142.26378pt.
File: Hamphsire.png Graphic file (type png)
 <use Hamphsire.png>
Package pdftex.def Info: Hamphsire.png used on input line 535.
(pdftex.def)             Requested size: 244.25749pt x 142.26378pt.
File: Southampton.png Graphic file (type png)

<use Southampton.png>
Package pdftex.def Info: Southampton.png used on input line 535.
(pdftex.def)             Requested size: 244.25749pt x 142.26378pt.
File: Manchester.png Graphic file (type png)
 <use Manchester.png>
Package pdftex.def Info: Manchester.png used on input line 535.
(pdftex.def)             Requested size: 244.25749pt x 142.26378pt.

Overfull \vbox (29.96416pt too high) detected at line 535
 []

[34

]
File: time_all.png Graphic file (type png)
 <use time_all.png>
Package pdftex.def Info: time_all.png used on input line 535.
(pdftex.def)             Requested size: 332.20334pt x 193.47882pt.
File: Cheshire.png Graphic file (type png)
 <use Cheshire.png>
Package pdftex.def Info: Cheshire.png used on input line 535.
(pdftex.def)             Requested size: 244.25749pt x 142.26378pt.
File: Hamphsire.png Graphic file (type png)
 <use Hamphsire.png>
Package pdftex.def Info: Hamphsire.png used on input line 535.
(pdftex.def)             Requested size: 244.25749pt x 142.26378pt.
File: Southampton.png Graphic file (type png)

<use Southampton.png>
Package pdftex.def Info: Southampton.png used on input line 535.
(pdftex.def)             Requested size: 244.25749pt x 142.26378pt.
File: Manchester.png Graphic file (type png)
 <use Manchester.png>
Package pdftex.def Info: Manchester.png used on input line 535.
(pdftex.def)             Requested size: 244.25749pt x 142.26378pt.

Overfull \vbox (29.96416pt too high) detected at line 535
 []

[35

] <leuk_benzene.jpg, id=345, 629.2308pt x 241.8636pt>
File: leuk_benzene.jpg Graphic file (type jpg)

<use leuk_benzene.jpg>
Package pdftex.def Info: leuk_benzene.jpg used on input line 547.
(pdftex.def)             Requested size: 629.22926pt x 241.863pt.

Overfull \hbox (7.32475pt too wide) in paragraph at lines 547--547
[]  
 []

[36

 <./leuk_benzene.jpg>]
<leuk-maps-adjrr.jpeg, id=351, 664.4022pt x 305.4612pt>
File: leuk-maps-adjrr.jpeg Graphic file (type jpg)

<use leuk-maps-adjrr.jpeg>
Package pdftex.def Info: leuk-maps-adjrr.jpeg used on input line 563.
(pdftex.def)             Requested size: 664.40059pt x 305.46045pt.

Overfull \vbox (11.01578pt too high) detected at line 563
 []

[37

 <./leuk-maps-adjrr.jpeg>] [38

]
<SlopePlot.jpg, id=363, 222.8325pt x 246.9225pt>
File: SlopePlot.jpg Graphic file (type jpg)
 <use SlopePlot.jpg>
Package pdftex.def Info: SlopePlot.jpg used on input line 632.
(pdftex.def)             Requested size: 222.83195pt x 246.92188pt.

Overfull \hbox (129.27507pt too wide) in paragraph at lines 632--632
[][]  
 []

[39

 <./SlopePlot.jpg>]
File: SlopePlot.jpg Graphic file (type jpg)
 <use SlopePlot.jpg>
Package pdftex.def Info: SlopePlot.jpg used on input line 632.
(pdftex.def)             Requested size: 222.83195pt x 246.92188pt.

Overfull \hbox (129.27507pt too wide) in paragraph at lines 632--632
[][]  
 []

[40

] <eMapSlopes_TH18_FgrpFont15.jpg, id=375, 845.0772pt x 307.8702pt>
File: eMapSlopes_TH18_FgrpFont15.jpg Graphic file (type jpg)

<use eMapSlopes_TH18_FgrpFont15.jpg>
Package pdftex.def Info: eMapSlopes_TH18_FgrpFont15.jpg used on input line 683.

(pdftex.def)             Requested size: 284.52756pt x 103.65506pt.
 [41

 <./eMapSlopes_TH18_FgrpFont15.jpg>]
File: eMapSlopes_TH18_FgrpFont15.jpg Graphic file (type jpg)

<use eMapSlopes_TH18_FgrpFont15.jpg>
Package pdftex.def Info: eMapSlopes_TH18_FgrpFont15.jpg used on input line 683.

(pdftex.def)             Requested size: 284.52756pt x 103.65506pt.

<PP_gtA1_TH18_FdgrpFont15.jpg, id=381, 845.0772pt x 306.1839pt>
File: PP_gtA1_TH18_FdgrpFont15.jpg Graphic file (type jpg)

<use PP_gtA1_TH18_FdgrpFont15.jpg>
Package pdftex.def Info: PP_gtA1_TH18_FdgrpFont15.jpg used on input line 683.
(pdftex.def)             Requested size: 284.52756pt x 103.08731pt.

Overfull \hbox (2.0pt too wide) in paragraph at lines 683--683
[] [] 
 []

[42

 <./PP_gtA1_TH18_FdgrpFont15.jpg>] [43

] [44

] [45

] [46

] [47

] [48

] [49

]
[50

] [51

] [52

]
Overfull \hbox (14.74403pt too wide) detected at line 803
[]\OT1/cmr/m/n/10 (\OML/cmm/m/it/10 ^^X\OT1/cmr/m/n/10 (\OML/cmm/b/it/10 s[]\OT
1/cmr/m/n/10 )\OML/cmm/m/it/10 ; ^^X\OT1/cmr/m/n/10 (\OML/cmm/b/it/10 s[]\OT1/c
mr/m/n/10 )) = [](\OML/cmm/m/it/10 ^^X[]; ^^X[]\OT1/cmr/m/n/10 ) = [] [][] \OML
/cmm/m/it/10 K[] []
 []

<Matern1.png, id=442, 790.45313pt x 557.08125pt>
File: Matern1.png Graphic file (type png)
 <use Matern1.png>
Package pdftex.def Info: Matern1.png used on input line 803.
(pdftex.def)             Requested size: 118.56285pt x 83.55858pt.

<Matern2.png, id=443, 784.43062pt x 554.82281pt>
File: Matern2.png Graphic file (type png)
 <use Matern2.png>
Package pdftex.def Info: Matern2.png used on input line 803.
(pdftex.def)             Requested size: 117.65952pt x 83.21982pt.

Overfull \vbox (7.4626pt too high) detected at line 803
 []

[53

 <./Matern1.png> <./Matern2.png>] [54

]
<variogram_parana_truncated.pdf, id=454, 962.59625pt x 683.55376pt>
File: variogram_parana_truncated.pdf Graphic file (type pdf)

<use variogram_parana_truncated.pdf>
Package pdftex.def Info: variogram_parana_truncated.pdf used on input line 822.

(pdftex.def)             Requested size: 962.5939pt x 683.5521pt.
 [55

 <./variogram_parana_truncated.pdf>]
[56

] [57

] [58

] <journalpone0071574g004.png, id=480, 496.11513pt x 249.98048pt>
File: journalpone0071574g004.png Graphic file (type png)

<use journalpone0071574g004.png>
Package pdftex.def Info: journalpone0071574g004.png used on input line 870.
(pdftex.def)             Requested size: 198.44252pt x 99.99042pt.
 [59

 <./journalpone0071574g004.png>] [60

]
[61

] [62

] <Map_NO2stations.jpeg, id=502, 1085.05376pt x 934.49126pt>
File: Map_NO2stations.jpeg Graphic file (type jpg)

<use Map_NO2stations.jpeg>
Package pdftex.def Info: Map_NO2stations.jpeg used on input line 909.
(pdftex.def)             Requested size: 162.75104pt x 140.16763pt.
 <Month13_grid.pdf, id=503, 813.0375pt x 700.6175pt>
File: Month13_grid.pdf Graphic file (type pdf)

<use Month13_grid.pdf>
Package pdftex.def Info: Month13_grid.pdf used on input line 909.
(pdftex.def)             Requested size: 162.60461pt x 140.12102pt.
 [63

 <./Map_NO2stations.jpeg> <./Month13_grid.pdf>]
File: Map_NO2stations.jpeg Graphic file (type jpg)

<use Map_NO2stations.jpeg>
Package pdftex.def Info: Map_NO2stations.jpeg used on input line 909.
(pdftex.def)             Requested size: 162.75104pt x 140.16763pt.
File: Month13_grid.pdf Graphic file (type pdf)
 <use Month13_grid.pdf>
Package pdftex.def Info: Month13_grid.pdf used on input line 909.
(pdftex.def)             Requested size: 162.60461pt x 140.12102pt.
 [64

]
<MSOA_grid.pdf, id=523, 813.0375pt x 700.6175pt>
File: MSOA_grid.pdf Graphic file (type pdf)
 <use MSOA_grid.pdf>
Package pdftex.def Info: MSOA_grid.pdf used on input line 928.
(pdftex.def)             Requested size: 121.95036pt x 105.08809pt.

<Zoom_grid.pdf, id=524, 813.0375pt x 700.6175pt>
File: Zoom_grid.pdf Graphic file (type pdf)
 <use Zoom_grid.pdf>
Package pdftex.def Info: Zoom_grid.pdf used on input line 928.
(pdftex.def)             Requested size: 146.34044pt x 126.1057pt.

Overfull \vbox (16.5919pt too high) detected at line 928
 []

[65

 <./MSOA_grid.pdf> <./Zoom_grid.pdf>]
File: MSOA_grid.pdf Graphic file (type pdf)
 <use MSOA_grid.pdf>
Package pdftex.def Info: MSOA_grid.pdf used on input line 928.
(pdftex.def)             Requested size: 121.95036pt x 105.08809pt.
File: Zoom_grid.pdf Graphic file (type pdf)

<use Zoom_grid.pdf>
Package pdftex.def Info: Zoom_grid.pdf used on input line 928.
(pdftex.def)             Requested size: 146.34044pt x 126.1057pt.

Overfull \vbox (16.5919pt too high) detected at line 928
 []

[66

] <MSOA_NO2.pdf, id=545, 813.0375pt x 700.6175pt>
File: MSOA_NO2.pdf Graphic file (type pdf)
 <use MSOA_NO2.pdf>
Package pdftex.def Info: MSOA_NO2.pdf used on input line 985.
(pdftex.def)             Requested size: 162.60461pt x 140.12102pt.

<Posterior_ALL_NO2_MSOA_month36.png, id=546, 346.896pt x 98.2872pt>
File: Posterior_ALL_NO2_MSOA_month36.png Graphic file (type png)

<use Posterior_ALL_NO2_MSOA_month36.png>
Package pdftex.def Info: Posterior_ALL_NO2_MSOA_month36.png used on input line 
985.
(pdftex.def)             Requested size: 173.44757pt x 49.14346pt.
 [67

 <./MSOA_NO2.pdf> <./Posterior_ALL_NO2_MSOA_month36.png>]
File: MSOA_NO2.pdf Graphic file (type pdf)
 <use MSOA_NO2.pdf>
Package pdftex.def Info: MSOA_NO2.pdf used on input line 985.
(pdftex.def)             Requested size: 162.60461pt x 140.12102pt.
File: Posterior_ALL_NO2_MSOA_month36.png Graphic file (type png)

<use Posterior_ALL_NO2_MSOA_month36.png>
Package pdftex.def Info: Posterior_ALL_NO2_MSOA_month36.png used on input line 
985.
(pdftex.def)             Requested size: 173.44757pt x 49.14346pt.
 [68

] [69

]
LaTeX Font Info:    Try loading font information for T1+cmtt on input line 1014
.

(/usr/local/texlive/2016/texmf-dist/tex/latex/base/t1cmtt.fd
File: t1cmtt.fd 2014/09/29 v2.5h Standard LaTeX font definitions
) [70

]
<WebApp1.png, id=577, 741.0084pt x 332.442pt>
File: WebApp1.png Graphic file (type png)
 <use WebApp1.png>
Package pdftex.def Info: WebApp1.png used on input line 1038.
(pdftex.def)             Requested size: 317.10097pt x 142.26378pt.

<Webapp2.png, id=578, 731.4896pt x 365.25648pt>
File: Webapp2.png Graphic file (type png)
 <use Webapp2.png>
Package pdftex.def Info: Webapp2.png used on input line 1038.
(pdftex.def)             Requested size: 284.91145pt x 142.26378pt.
 [71

 <./WebApp1.png> <./Webapp2.png>]
File: WebApp1.png Graphic file (type png)
 <use WebApp1.png>
Package pdftex.def Info: WebApp1.png used on input line 1038.
(pdftex.def)             Requested size: 317.10097pt x 142.26378pt.
File: Webapp2.png Graphic file (type png)
 <use Webapp2.png>
Package pdftex.def Info: Webapp2.png used on input line 1038.
(pdftex.def)             Requested size: 284.91145pt x 142.26378pt.
 [72

]
<ClassesContinuous.pdf, id=591, 505.89pt x 505.89pt>
File: ClassesContinuous.pdf Graphic file (type pdf)

<use ClassesContinuous.pdf>
Package pdftex.def Info: ClassesContinuous.pdf used on input line 1054.
(pdftex.def)             Requested size: 142.26576pt x 142.26378pt.

<ClassesQuantilesDiffpoints.pdf, id=592, 505.89pt x 505.89pt>
File: ClassesQuantilesDiffpoints.pdf Graphic file (type pdf)

<use ClassesQuantilesDiffpoints.pdf>
Package pdftex.def Info: ClassesQuantilesDiffpoints.pdf used on input line 1054
.
(pdftex.def)             Requested size: 142.26576pt x 142.26378pt.

<ClassesQuantilesLesspoints.pdf, id=593, 505.89pt x 505.89pt>
File: ClassesQuantilesLesspoints.pdf Graphic file (type pdf)

<use ClassesQuantilesLesspoints.pdf>
Package pdftex.def Info: ClassesQuantilesLesspoints.pdf used on input line 1054
.
(pdftex.def)             Requested size: 142.26576pt x 142.26378pt.
 [73

 <./ClassesContinuous.pdf> <./ClassesQuantilesDiffpoints.pdf> <./ClassesQuantil
esLesspoints.pdf>]
File: ClassesContinuous.pdf Graphic file (type pdf)

<use ClassesContinuous.pdf>
Package pdftex.def Info: ClassesContinuous.pdf used on input line 1054.
(pdftex.def)             Requested size: 142.26576pt x 142.26378pt.
File: ClassesQuantilesDiffpoints.pdf Graphic file (type pdf)
 <use ClassesQuantilesDiffpoints.pdf>
Package pdftex.def Info: ClassesQuantilesDiffpoints.pdf used on input line 1054
.
(pdftex.def)             Requested size: 142.26576pt x 142.26378pt.
File: ClassesQuantilesLesspoints.pdf Graphic file (type pdf)

<use ClassesQuantilesLesspoints.pdf>
Package pdftex.def Info: ClassesQuantilesLesspoints.pdf used on input line 1054
.
(pdftex.def)             Requested size: 142.26576pt x 142.26378pt.
 [74

]
File: ClassesContinuous.pdf Graphic file (type pdf)
 <use ClassesContinuous.pdf>
Package pdftex.def Info: ClassesContinuous.pdf used on input line 1054.
(pdftex.def)             Requested size: 142.26576pt x 142.26378pt.
File: ClassesQuantilesDiffpoints.pdf Graphic file (type pdf)

<use ClassesQuantilesDiffpoints.pdf>
Package pdftex.def Info: ClassesQuantilesDiffpoints.pdf used on input line 1054
.
(pdftex.def)             Requested size: 142.26576pt x 142.26378pt.
File: ClassesQuantilesLesspoints.pdf Graphic file (type pdf)
 <use ClassesQuantilesLesspoints.pdf>
Package pdftex.def Info: ClassesQuantilesLesspoints.pdf used on input line 1054
.
(pdftex.def)             Requested size: 142.26576pt x 142.26378pt.

[75

] <Uncertainty.pdf, id=625, 434.24333pt x 290.82352pt>
File: Uncertainty.pdf Graphic file (type pdf)

<use Uncertainty.pdf>
Package pdftex.def Info: Uncertainty.pdf used on input line 1065.
(pdftex.def)             Requested size: 217.12112pt x 145.41139pt.
 [76

 <./Uncertainty.pdf>] [77

]
Package atenddvi Info: Last page = 78.
 [78

]
\tf@nav=\write7
\openout7 = `BSUCambridge.nav'.

\tf@toc=\write8
\openout8 = `BSUCambridge.toc'.

\tf@snm=\write9
\openout9 = `BSUCambridge.snm'.



Package caption Warning: Unused \captionsetup[table] on input line 20.
See the caption package documentation for explanation.

Package atveryend Info: Empty hook `BeforeClearDocument' on input line 1119.
Package atveryend Info: Executing hook `AfterLastShipout' on input line 1119.
(./BSUCambridge.aux)
Package atveryend Info: Executing hook `AtVeryEndDocument' on input line 1119.
Package atveryend Info: Executing hook `AtEndAfterFileList' on input line 1119.

Package rerunfilecheck Info: File `BSUCambridge.out' has not changed.
(rerunfilecheck)             Checksum: CBCEF5950F56A3B83C66D9602E11659F;337.


LaTeX Font Warning: Size substitutions with differences
(Font)              up to 1.0pt have occurred.

Package atveryend Info: Empty hook `AtVeryVeryEnd' on input line 1119.
 ) 
Here is how much of TeX's memory you used:
 32186 strings out of 493014
 638916 string characters out of 6133350
 693348 words of memory out of 5000000
 34891 multiletter control sequences out of 15000+600000
 28841 words of font info for 77 fonts, out of 8000000 for 9000
 1141 hyphenation exceptions out of 8191
 48i,21n,65p,10432b,783s stack positions out of 5000i,500n,10000p,200000b,80000s
{/usr/local/texlive/2016/texmf-dist/fonts/enc/dvips/cm-super/cm-super-t1.enc}
</usr/local/texlive/2016/texmf-dist/fonts/type1/public/amsfonts/cm/cmbx10.pfb><
/usr/local/texlive/2016/texmf-dist/fonts/type1/public/amsfonts/cm/cmex10.pfb></
usr/local/texlive/2016/texmf-dist/fonts/type1/public/amsfonts/cmextra/cmex9.pfb
></usr/local/texlive/2016/texmf-dist/fonts/type1/public/amsfonts/cm/cmmi10.pfb>
</usr/local/texlive/2016/texmf-dist/fonts/type1/public/amsfonts/cm/cmmi12.pfb><
/usr/local/texlive/2016/texmf-dist/fonts/type1/public/amsfonts/cm/cmmi5.pfb></u
sr/local/texlive/2016/texmf-dist/fonts/type1/public/amsfonts/cm/cmmi6.pfb></usr
/local/texlive/2016/texmf-dist/fonts/type1/public/amsfonts/cm/cmmi7.pfb></usr/l
ocal/texlive/2016/texmf-dist/fonts/type1/public/amsfonts/cm/cmmi9.pfb></usr/loc
al/texlive/2016/texmf-dist/fonts/type1/public/amsfonts/cm/cmmib10.pfb></usr/loc
al/texlive/2016/texmf-dist/fonts/type1/public/amsfonts/cmextra/cmmib7.pfb></usr
/local/texlive/2016/texmf-dist/fonts/type1/public/amsfonts/cmextra/cmmib9.pfb><
/usr/local/texlive/2016/texmf-dist/fonts/type1/public/amsfonts/cm/cmr10.pfb></u
sr/local/texlive/2016/texmf-dist/fonts/type1/public/amsfonts/cm/cmr12.pfb></usr
/local/texlive/2016/texmf-dist/fonts/type1/public/amsfonts/cm/cmr5.pfb></usr/lo
cal/texlive/2016/texmf-dist/fonts/type1/public/amsfonts/cm/cmr6.pfb></usr/local
/texlive/2016/texmf-dist/fonts/type1/public/amsfonts/cm/cmr7.pfb></usr/local/te
xlive/2016/texmf-dist/fonts/type1/public/amsfonts/cm/cmr9.pfb></usr/local/texli
ve/2016/texmf-dist/fonts/type1/public/amsfonts/cm/cmsy10.pfb></usr/local/texliv
e/2016/texmf-dist/fonts/type1/public/amsfonts/cm/cmsy6.pfb></usr/local/texlive/
2016/texmf-dist/fonts/type1/public/amsfonts/cm/cmsy7.pfb></usr/local/texlive/20
16/texmf-dist/fonts/type1/public/amsfonts/cm/cmsy9.pfb></usr/local/texlive/2016
/texmf-dist/fonts/type1/public/amsfonts/symbols/msam10.pfb></usr/local/texlive/
2016/texmf-dist/fonts/type1/public/amsfonts/symbols/msam5.pfb></usr/local/texli
ve/2016/texmf-dist/fonts/type1/public/amsfonts/symbols/msam7.pfb></usr/local/te
xlive/2016/texmf-dist/fonts/type1/public/amsfonts/symbols/msbm10.pfb></usr/loca
l/texlive/2016/texmf-dist/fonts/type1/public/cm-super/sfbx0700.pfb></usr/local/
texlive/2016/texmf-dist/fonts/type1/public/cm-super/sfbx1000.pfb></usr/local/te
xlive/2016/texmf-dist/fonts/type1/public/cm-super/sfcc0500.pfb></usr/local/texl
ive/2016/texmf-dist/fonts/type1/public/cm-super/sfcc0800.pfb></usr/local/texliv
e/2016/texmf-dist/fonts/type1/public/cm-super/sfcc0900.pfb></usr/local/texlive/
2016/texmf-dist/fonts/type1/public/cm-super/sfcc1000.pfb></usr/local/texlive/20
16/texmf-dist/fonts/type1/public/cm-super/sfcc1200.pfb></usr/local/texlive/2016
/texmf-dist/fonts/type1/public/cm-super/sfcc1440.pfb></usr/local/texlive/2016/t
exmf-dist/fonts/type1/public/cm-super/sfrm0500.pfb></usr/local/texlive/2016/tex
mf-dist/fonts/type1/public/cm-super/sfrm0700.pfb></usr/local/texlive/2016/texmf
-dist/fonts/type1/public/cm-super/sfrm0800.pfb></usr/local/texlive/2016/texmf-d
ist/fonts/type1/public/cm-super/sfrm0900.pfb></usr/local/texlive/2016/texmf-dis
t/fonts/type1/public/cm-super/sfrm1000.pfb></usr/local/texlive/2016/texmf-dist/
fonts/type1/public/cm-super/sfrm2074.pfb></usr/local/texlive/2016/texmf-dist/fo
nts/type1/public/cm-super/sfti0900.pfb></usr/local/texlive/2016/texmf-dist/font
s/type1/public/cm-super/sfti1000.pfb></usr/local/texlive/2016/texmf-dist/fonts/
type1/public/cm-super/sftt0900.pfb>
Output written on BSUCambridge.pdf (78 pages, 12812776 bytes).
PDF statistics:
 834 PDF objects out of 1000 (max. 8388607)
 596 compressed objects within 6 object streams
 163 named destinations out of 1000 (max. 500000)
 491 words of extra memory for PDF output out of 10000 (max. 10000000)

